4.3393 	DEBUG 	Fullscreen settings ignored as running in pilot mode.
4.3398 	INFO 	Loaded monitor calibration from ['2025_02_13 22:41']
4.4845 	EXP 	Created window1 = Window(allowGUI=False, allowStencil=False, autoLog=True, backendConf=UNKNOWN, backgroundFit=<method-wrapper '__getattribute__' of attributeSetter object at 0x00000144929C67F0>, backgroundImage=<method-wrapper '__getattribute__' of attributeSetter object at 0x00000144929C6790>, bitsMode=UNKNOWN, blendMode='avg', bpc=(8, 8, 8), color=array([0, 0, 0]), colorSpace='rgb', depthBits=8, fullscr=False, gamma=None, gammaErrorPolicy='raise', infoMsg=UNKNOWN, lms=UNKNOWN, monitor=<psychopy.monitors.calibTools.Monitor object at 0x0000014492A44C70>, multiSample=False, name='window1', numSamples=2, pos=[560.0, 240.0], screen=0, size=array([800, 600]), stencilBits=0, stereo=False, title='PsychoPy', units='height', useFBO=True, useRetina=False, viewOri=0.0, viewPos=None, viewScale=None, waitBlanking=True, winType='pyglet')
4.4845 	EXP 	window1: backgroundImage = ''
4.4845 	EXP 	window1: backgroundFit = 'none'
4.4908 	DEBUG 	TextBox2 loaded 1 chars with 0 blanks and 1 valid
4.4918 	DEBUG 	TextBox2 loaded 1 chars with 0 blanks and 1 valid
4.4928 	DEBUG 	TextBox2 loaded 1 chars with 0 blanks and 1 valid
4.4939 	DEBUG 	TextBox2 loaded 1 chars with 0 blanks and 1 valid
4.4951 	DEBUG 	TextBox2 loaded 1 chars with 0 blanks and 1 valid
4.4959 	DEBUG 	TextBox2 loaded 1 chars with 0 blanks and 1 valid
4.4969 	DEBUG 	TextBox2 loaded 1 chars with 0 blanks and 1 valid
4.4981 	DEBUG 	TextBox2 loaded 1 chars with 0 blanks and 1 valid
4.4987 	DEBUG 	TextBox2 loaded 1 chars with 0 blanks and 1 valid
4.4994 	DEBUG 	TextBox2 loaded 1 chars with 0 blanks and 1 valid
4.5004 	DEBUG 	TextBox2 loaded 1 chars with 0 blanks and 1 valid
4.5014 	DEBUG 	TextBox2 loaded 1 chars with 0 blanks and 1 valid
4.5024 	DEBUG 	TextBox2 loaded 1 chars with 0 blanks and 1 valid
4.5034 	DEBUG 	TextBox2 loaded 1 chars with 0 blanks and 1 valid
4.5043 	DEBUG 	TextBox2 loaded 1 chars with 0 blanks and 1 valid
4.5053 	DEBUG 	TextBox2 loaded 1 chars with 0 blanks and 1 valid
4.5064 	DEBUG 	TextBox2 loaded 1 chars with 0 blanks and 1 valid
4.5071 	DEBUG 	TextBox2 loaded 1 chars with 0 blanks and 1 valid
4.5079 	DEBUG 	TextBox2 loaded 1 chars with 0 blanks and 1 valid
4.5091 	DEBUG 	TextBox2 loaded 1 chars with 0 blanks and 1 valid
4.5099 	DEBUG 	TextBox2 loaded 1 chars with 0 blanks and 1 valid
4.5102 	DEBUG 	Uploading Texture Font fontname to graphics card
4.5131 	DEBUG 	Upload of Texture Font fontname complete
4.5187 	DEBUG 	TextBox2 loaded 1 chars with 0 blanks and 1 valid
4.5199 	DEBUG 	TextBox2 loaded 1 chars with 0 blanks and 1 valid
4.5210 	DEBUG 	TextBox2 loaded 1 chars with 0 blanks and 1 valid
4.5212 	DEBUG 	Uploading Texture Font fontname to graphics card
4.5219 	DEBUG 	Upload of Texture Font fontname complete
4.5234 	EXP 	window1: Attempting to measure frame rate of screen (0) ...
4.5235 	EXP 	window1: recordFrameIntervals = False
4.6939 	EXP 	window1: recordFrameIntervals = True
4.7325 	WARNING 	t of last frame was 21.59ms (=1/46)
4.9112 	EXP 	Screen (0) actual frame rate measured at 59.68Hz
4.9112 	EXP 	window1: recordFrameIntervals = False
4.9160 	DEBUG 	TextBox2 loaded 1 chars with 0 blanks and 1 valid
4.9168 	DEBUG 	TextBox2 loaded 1 chars with 0 blanks and 1 valid
4.9179 	DEBUG 	TextBox2 loaded 1 chars with 0 blanks and 1 valid
4.9191 	DEBUG 	TextBox2 loaded 1 chars with 0 blanks and 1 valid
4.9203 	DEBUG 	TextBox2 loaded 1 chars with 0 blanks and 1 valid
4.9215 	DEBUG 	TextBox2 loaded 1 chars with 0 blanks and 1 valid
4.9223 	DEBUG 	TextBox2 loaded 1 chars with 0 blanks and 1 valid
4.9234 	DEBUG 	TextBox2 loaded 1 chars with 0 blanks and 1 valid
4.9246 	DEBUG 	TextBox2 loaded 1 chars with 0 blanks and 1 valid
4.9257 	DEBUG 	TextBox2 loaded 1 chars with 0 blanks and 1 valid
4.9259 	DEBUG 	Uploading Texture Font fontname to graphics card
4.9265 	DEBUG 	Upload of Texture Font fontname complete
4.9431 	WARNING 	launchHubServer: If using the iohub mouse or eyetracker devices, fullScr should be True.
6.7472 	INFO 	keyboard.Keyboard is using iohub backend.
6.7473 	INFO 	keyboard.Keyboard is using iohub backend.
6.7473 	INFO 	keyboard.Keyboard is using iohub backend.
6.7473 	EXP 	article: status = STARTED
6.8362 	EXP 	Created imagefirst = ImageStim(__class__=<class 'psychopy.visual.image.ImageStim'>, anchor=('center', 'center'), autoLog=True, color=array([1., 1., 1.]), colorSpace='rgb', contrast=1.0, depth=0.0, draggable=False, flipHoriz=False, flipVert=False, image='image/kumnum.png', interpolate=True, mask=None, maskParams=None, name='imagefirst', opacity=1, ori=0.0, pos=array([0., 0.]), size=array([1.78, 1.  ]), texRes=128.0, units='height', win=Window(...))
6.8403 	EXP 	Created image = ImageStim(__class__=<class 'psychopy.visual.image.ImageStim'>, anchor=('center', 'center'), autoLog=True, color=array([1., 1., 1.]), colorSpace='rgb', contrast=1.0, depth=0.0, draggable=False, flipHoriz=False, flipVert=False, image='default.png', interpolate=True, mask=None, maskParams=None, name='image', opacity=1, ori=0.0, pos=array([0., 0.]), size=array([1.78, 1.  ]), texRes=128.0, units='height', win=Window(...))
6.8756 	EXP 	Created text = TextStim(__class__=<class 'psychopy.visual.text.TextStim'>, alignHoriz=method-wrapper(...), alignText='center', alignVert=method-wrapper(...), anchorHoriz='center', anchorVert='center', antialias=True, autoDraw=False, autoLog=True, bold=False, color=array([1., 1., 1.]), colorSpace='rgb', contrast=1.0, depth=0.0, draggable=False, flipHoriz=False, flipVert=False, font='Arial', fontFiles=[], height=0.05, italic=False, languageStyle='LTR', name='text', opacity=1, ori=0.0, pos=array([0., 0.]), rgb=UNKNOWN, text='', units='height', win=Window(...), wrapWidth=1)
0.0367 	INFO 	Keyboard events cleared
0.0366 	EXP 	imagefirst: autoDraw = True
0.8916 	DATA 	Keypress: escape
0.9897 	EXP 	article: status = STOPPED
1.0031 	EXP 	imagefirst: autoDraw = False
1.0051 	EXP 	article: status = STOPPED
1.0100 	INFO 	saved data to 'C:\\psychopywork\\jubjaikwam\\data/019463_article_2025-04-26_13h06.49.531.csv'
1.0103 	INFO 	saved data to C:\psychopywork\jubjaikwam\data/019463_article_2025-04-26_13h06.49.531.psydat
1.3199 	DEBUG 	Saving data for article ExperimentHandler
