3.9275 	INFO 	Loaded monitor calibration from ['2025_02_13 22:41']
4.0632 	EXP 	Created window1 = Window(allowGUI=False, allowStencil=False, autoLog=True, backendConf=UNKNOWN, backgroundFit=<method-wrapper '__getattribute__' of attributeSetter object at 0x00000229D47F4910>, backgroundImage=<method-wrapper '__getattribute__' of attributeSetter object at 0x00000229D47F48B0>, bitsMode=UNKNOWN, blendMode='avg', bpc=(8, 8, 8), color=array([0, 0, 0]), colorSpace='rgb', depthBits=8, fullscr=True, gamma=None, gammaErrorPolicy='raise', infoMsg=UNKNOWN, lms=UNKNOWN, monitor=<psychopy.monitors.calibTools.Monitor object at 0x00000229D3A76D90>, multiSample=False, name='window1', numSamples=2, pos=[0.0, 0.0], screen=0, size=array([1920, 1080]), stencilBits=0, stereo=False, title='PsychoPy', units='height', useFBO=True, useRetina=False, viewOri=0.0, viewPos=None, viewScale=None, waitBlanking=True, winType='pyglet')
4.0632 	EXP 	window1: backgroundImage = ''
4.0632 	EXP 	window1: backgroundFit = 'none'
4.1218 	EXP 	window1: Attempting to measure frame rate of screen (0) ...
4.1218 	EXP 	window1: recordFrameIntervals = False
4.3055 	EXP 	window1: recordFrameIntervals = True
4.4891 	EXP 	Screen (0) actual frame rate measured at 59.94Hz
4.4891 	EXP 	window1: recordFrameIntervals = False
6.2958 	INFO 	keyboard.Keyboard is using iohub backend.
6.2959 	INFO 	keyboard.Keyboard is using iohub backend.
6.2959 	INFO 	keyboard.Keyboard is using iohub backend.
6.2959 	EXP 	article: status = STARTED
6.3908 	EXP 	Created imagefirst = ImageStim(__class__=<class 'psychopy.visual.image.ImageStim'>, anchor=('center', 'center'), autoLog=True, color=array([1., 1., 1.]), colorSpace='rgb', contrast=1.0, depth=0.0, draggable=False, flipHoriz=False, flipVert=False, image='image/kumnum.png', interpolate=True, mask=None, maskParams=None, name='imagefirst', opacity=1, ori=0.0, pos=array([0., 0.]), size=array([1.78, 1.  ]), texRes=128.0, units='height', win=Window(...))
6.3953 	EXP 	Created imagequestion = ImageStim(__class__=<class 'psychopy.visual.image.ImageStim'>, anchor=('center', 'center'), autoLog=True, color=array([1., 1., 1.]), colorSpace='rgb', contrast=1.0, depth=0.0, draggable=False, flipHoriz=False, flipVert=False, image='default.png', interpolate=True, mask=None, maskParams=None, name='imagequestion', opacity=1, ori=0.0, pos=array([0., 0.]), size=array([1.78, 1.  ]), texRes=128.0, units='height', win=Window(...))
6.4807 	EXP 	Created imageblank = ImageStim(__class__=<class 'psychopy.visual.image.ImageStim'>, anchor=('center', 'center'), autoLog=True, color=array([1., 1., 1.]), colorSpace='rgb', contrast=1.0, depth=0.0, draggable=False, flipHoriz=False, flipVert=False, image='image/Screenshot (172).png', interpolate=True, mask=None, maskParams=None, name='imageblank', opacity=1, ori=0.0, pos=array([0., 0.]), size=array([1.78, 1.  ]), texRes=128.0, units='height', win=Window(...))
0.0209 	INFO 	Keyboard events cleared
0.0207 	EXP 	imagefirst: autoDraw = True
3.2962 	EXP 	Imported question_stim.xlsx as conditions, 10 conditions, 2 params
3.2964 	EXP 	New trial (rep=0, index=0): <Trial 0 (0 in rep 0) data={'article_image': 'image/number1.png', 'check_key': 1, 'thisN': 0, 'thisTrialN': 0, 'thisRepN': 0}>
3.3718 	DATA 	Keypress: space
3.3897 	INFO 	Keyboard events cleared
3.3894 	EXP 	imagefirst: autoDraw = False
3.3894 	EXP 	imagequestion: image = 'image/number1.png'
3.3894 	EXP 	imagequestion: autoDraw = True
3.9740 	DATA 	Keypress: escape
4.0736 	EXP 	article: status = STOPPED
4.0898 	EXP 	imagequestion: autoDraw = False
4.0899 	EXP 	article: status = STOPPED
4.0945 	INFO 	saved data to 'C:\\psychopywork\\lumdub\\data/189587_article_2025-05-06_23h24.25.665.csv'
4.0949 	INFO 	saved data to C:\psychopywork\lumdub\data/189587_article_2025-05-06_23h24.25.665.psydat
