3.9551 	INFO 	Loaded monitor calibration from ['2025_02_13 22:41']
4.0945 	EXP 	Created window1 = Window(allowGUI=False, allowStencil=False, autoLog=True, backendConf=UNKNOWN, backgroundFit=<method-wrapper '__getattribute__' of attributeSetter object at 0x000001C35F916820>, backgroundImage=<method-wrapper '__getattribute__' of attributeSetter object at 0x000001C35F9167C0>, bitsMode=UNKNOWN, blendMode='avg', bpc=(8, 8, 8), color=array([0, 0, 0]), colorSpace='rgb', depthBits=8, fullscr=True, gamma=None, gammaErrorPolicy='raise', infoMsg=UNKNOWN, lms=UNKNOWN, monitor=<psychopy.monitors.calibTools.Monitor object at 0x000001C360594CA0>, multiSample=False, name='window1', numSamples=2, pos=[0.0, 0.0], screen=0, size=array([1920, 1080]), stencilBits=0, stereo=False, title='PsychoPy', units='height', useFBO=True, useRetina=False, viewOri=0.0, viewPos=None, viewScale=None, waitBlanking=True, winType='pyglet')
4.0945 	EXP 	window1: backgroundImage = ''
4.0945 	EXP 	window1: backgroundFit = 'none'
4.1543 	EXP 	window1: Attempting to measure frame rate of screen (0) ...
4.1543 	EXP 	window1: recordFrameIntervals = False
4.3561 	EXP 	window1: recordFrameIntervals = True
4.5398 	EXP 	Screen (0) actual frame rate measured at 59.93Hz
4.5398 	EXP 	window1: recordFrameIntervals = False
6.2510 	INFO 	keyboard.Keyboard is using iohub backend.
6.2511 	INFO 	keyboard.Keyboard is using iohub backend.
6.2511 	INFO 	keyboard.Keyboard is using iohub backend.
6.2512 	EXP 	article: status = STARTED
6.3415 	EXP 	Created imagefirst = ImageStim(__class__=<class 'psychopy.visual.image.ImageStim'>, anchor=('center', 'center'), autoLog=True, color=array([1., 1., 1.]), colorSpace='rgb', contrast=1.0, depth=0.0, draggable=False, flipHoriz=False, flipVert=False, image='image/kumnum.png', interpolate=True, mask=None, maskParams=None, name='imagefirst', opacity=1, ori=0.0, pos=array([0., 0.]), size=array([1.78, 1.  ]), texRes=128.0, units='height', win=Window(...))
6.3455 	EXP 	Created image = ImageStim(__class__=<class 'psychopy.visual.image.ImageStim'>, anchor=('center', 'center'), autoLog=True, color=array([1., 1., 1.]), colorSpace='rgb', contrast=1.0, depth=0.0, draggable=False, flipHoriz=False, flipVert=False, image='default.png', interpolate=True, mask=None, maskParams=None, name='image', opacity=1, ori=0.0, pos=array([0., 0.]), size=array([1.78, 1.  ]), texRes=128.0, units='height', win=Window(...))
6.3766 	EXP 	Created text = TextStim(__class__=<class 'psychopy.visual.text.TextStim'>, alignHoriz=method-wrapper(...), alignText='center', alignVert=method-wrapper(...), anchorHoriz='center', anchorVert='center', antialias=True, autoDraw=False, autoLog=True, bold=False, color=array([1., 1., 1.]), colorSpace='rgb', contrast=1.0, depth=0.0, draggable=False, flipHoriz=False, flipVert=False, font='Arial', fontFiles=[], height=0.05, italic=False, languageStyle='LTR', name='text', opacity=1, ori=0.0, pos=array([0., 0.]), rgb=UNKNOWN, text='', units='height', win=Window(...), wrapWidth=1)
0.0287 	INFO 	Keyboard events cleared
0.0286 	EXP 	imagefirst: autoDraw = True
1.5544 	EXP 	Imported question_stim.xlsx as conditions, 10 conditions, 1 params
1.5546 	EXP 	New trial (rep=0, index=0): <Trial 0 (0 in rep 0) data={'article_image': 'image/number1.png', 'thisN': 0, 'thisTrialN': 0, 'thisRepN': 0}>
1.6277 	DATA 	Keypress: space
1.6471 	INFO 	Keyboard events cleared
1.6469 	EXP 	imagefirst: autoDraw = False
1.6469 	EXP 	image: image = 'image/number1.png'
1.6469 	EXP 	image: autoDraw = True
2.3980 	DATA 	Keypress: 2
2.8980 	DATA 	Keypress: 1
3.2990 	DATA 	Keypress: 1
3.4657 	DATA 	Keypress: 2
3.5815 	DATA 	Keypress: 3
3.6654 	DATA 	Keypress: 1
3.6815 	DATA 	Keypress: 2
3.7659 	DATA 	Keypress: 3
3.8660 	DATA 	Keypress: 1
4.0161 	DATA 	Keypress: 3
4.0819 	DATA 	Keypress: 1
4.3497 	DATA 	Keypress: 1
4.3832 	DATA 	Keypress: 2
4.4494 	DATA 	Keypress: 3
5.1334 	DATA 	Keypress: 1
5.4007 	DATA 	Mouse: Left button down, pos=(803,662)
5.5008 	DATA 	Mouse:  Left button up, pos=(803,662)
5.6504 	DATA 	Keypress: escape
5.7331 	EXP 	article: status = STOPPED
5.7503 	EXP 	image: autoDraw = False
5.7504 	EXP 	article: status = STOPPED
5.7547 	INFO 	saved data to 'C:\\psychopywork\\jubjaikwam\\data/268825_article_2025-04-23_14h54.35.412.csv'
5.7551 	INFO 	saved data to C:\psychopywork\jubjaikwam\data/268825_article_2025-04-23_14h54.35.412.psydat
