4.2215 	INFO 	Loaded monitor calibration from ['2025_02_13 22:41']
4.3681 	EXP 	Created window1 = Window(allowGUI=False, allowStencil=False, autoLog=True, backendConf=UNKNOWN, backgroundFit=<method-wrapper '__getattribute__' of attributeSetter object at 0x0000027233F97820>, backgroundImage=<method-wrapper '__getattribute__' of attributeSetter object at 0x0000027233F977C0>, bitsMode=UNKNOWN, blendMode='avg', bpc=(8, 8, 8), color=array([0, 0, 0]), colorSpace='rgb', depthBits=8, fullscr=True, gamma=None, gammaErrorPolicy='raise', infoMsg=UNKNOWN, lms=UNKNOWN, monitor=<psychopy.monitors.calibTools.Monitor object at 0x0000027234054C70>, multiSample=False, name='window1', numSamples=2, pos=[0.0, 0.0], screen=0, size=array([1920, 1080]), stencilBits=0, stereo=False, title='PsychoPy', units='height', useFBO=True, useRetina=False, viewOri=0.0, viewPos=None, viewScale=None, waitBlanking=True, winType='pyglet')
4.3682 	EXP 	window1: backgroundImage = ''
4.3682 	EXP 	window1: backgroundFit = 'none'
4.4274 	EXP 	window1: Attempting to measure frame rate of screen (0) ...
4.4274 	EXP 	window1: recordFrameIntervals = False
4.6685 	EXP 	window1: recordFrameIntervals = True
4.8522 	EXP 	Screen (0) actual frame rate measured at 59.91Hz
4.8522 	EXP 	window1: recordFrameIntervals = False
6.6637 	INFO 	keyboard.Keyboard is using iohub backend.
6.6637 	INFO 	keyboard.Keyboard is using iohub backend.
6.6637 	INFO 	keyboard.Keyboard is using iohub backend.
6.6638 	EXP 	article: status = STARTED
6.7563 	EXP 	Created imagefirst = ImageStim(__class__=<class 'psychopy.visual.image.ImageStim'>, anchor=('center', 'center'), autoLog=True, color=array([1., 1., 1.]), colorSpace='rgb', contrast=1.0, depth=0.0, draggable=False, flipHoriz=False, flipVert=False, image='image/kumnum.png', interpolate=True, mask=None, maskParams=None, name='imagefirst', opacity=1, ori=0.0, pos=array([0., 0.]), size=array([1.78, 1.  ]), texRes=128.0, units='height', win=Window(...))
6.7605 	EXP 	Created image = ImageStim(__class__=<class 'psychopy.visual.image.ImageStim'>, anchor=('center', 'center'), autoLog=True, color=array([1., 1., 1.]), colorSpace='rgb', contrast=1.0, depth=0.0, draggable=False, flipHoriz=False, flipVert=False, image='default.png', interpolate=True, mask=None, maskParams=None, name='image', opacity=1, ori=0.0, pos=array([0., 0.]), size=array([1.78, 1.  ]), texRes=128.0, units='height', win=Window(...))
6.7953 	EXP 	Created text = TextStim(__class__=<class 'psychopy.visual.text.TextStim'>, alignHoriz=method-wrapper(...), alignText='center', alignVert=method-wrapper(...), anchorHoriz='center', anchorVert='center', antialias=True, autoDraw=False, autoLog=True, bold=False, color=array([1., 1., 1.]), colorSpace='rgb', contrast=1.0, depth=0.0, draggable=False, flipHoriz=False, flipVert=False, font='Arial', fontFiles=[], height=0.05, italic=False, languageStyle='LTR', name='text', opacity=1, ori=0.0, pos=array([0., 0.]), rgb=UNKNOWN, text='', units='height', win=Window(...), wrapWidth=1)
0.0258 	INFO 	Keyboard events cleared
0.0257 	EXP 	imagefirst: autoDraw = True
0.4957 	DATA 	Keypress: 1
0.8976 	EXP 	Imported question_stim.xlsx as conditions, 10 conditions, 2 params
0.8978 	EXP 	New trial (rep=0, index=0): <Trial 0 (0 in rep 0) data={'article_image': 'image/number1.png', 'check_key': 1, 'thisN': 0, 'thisTrialN': 0, 'thisRepN': 0}>
0.9707 	DATA 	Keypress: space
0.9925 	INFO 	Keyboard events cleared
0.9923 	EXP 	imagefirst: autoDraw = False
0.9923 	EXP 	image: image = 'image/number1.png'
0.9923 	EXP 	image: autoDraw = True
1.3620 	DATA 	Keypress: 1
1.3758 	EXP 	image: autoDraw = False
1.3758 	EXP 	text: autoDraw = True
1.8599 	EXP 	New trial (rep=0, index=1): <Trial 1 (1 in rep 0) data={'article_image': 'image/number2.png', 'check_key': 2, 'thisN': 1, 'thisTrialN': 1, 'thisRepN': 0}>
1.8970 	INFO 	Keyboard events cleared
1.8968 	EXP 	text: autoDraw = False
1.8968 	EXP 	text: autoDraw = False
1.8968 	EXP 	image: image = 'image/number2.png'
1.8968 	EXP 	image: autoDraw = True
2.3147 	DATA 	Keypress: 2
2.3301 	EXP 	image: autoDraw = False
2.3301 	EXP 	text: autoDraw = True
2.8144 	EXP 	New trial (rep=0, index=2): <Trial 2 (2 in rep 0) data={'article_image': 'image/number3.png', 'check_key': 3, 'thisN': 2, 'thisTrialN': 2, 'thisRepN': 0}>
2.8517 	INFO 	Keyboard events cleared
2.8515 	EXP 	text: autoDraw = False
2.8515 	EXP 	image: image = 'image/number3.png'
2.8515 	EXP 	image: autoDraw = True
3.2530 	DATA 	Keypress: 3
3.2681 	EXP 	image: autoDraw = False
3.2681 	EXP 	text: autoDraw = True
3.7526 	EXP 	New trial (rep=0, index=3): <Trial 3 (3 in rep 0) data={'article_image': 'image/number4.png', 'check_key': 3, 'thisN': 3, 'thisTrialN': 3, 'thisRepN': 0}>
3.7897 	INFO 	Keyboard events cleared
3.7895 	EXP 	text: autoDraw = False
3.7895 	EXP 	text: autoDraw = False
3.7895 	EXP 	image: image = 'image/number4.png'
3.7895 	EXP 	image: autoDraw = True
4.1576 	DATA 	Keypress: 1
4.1732 	EXP 	image: autoDraw = False
4.1732 	EXP 	text: autoDraw = True
4.6573 	EXP 	New trial (rep=0, index=4): <Trial 4 (4 in rep 0) data={'article_image': 'image/number5.png', 'check_key': 1, 'thisN': 4, 'thisTrialN': 4, 'thisRepN': 0}>
4.6959 	INFO 	Keyboard events cleared
4.6957 	EXP 	text: autoDraw = False
4.6957 	EXP 	text: autoDraw = False
4.6957 	EXP 	image: image = 'image/number5.png'
4.6957 	EXP 	image: autoDraw = True
5.0619 	DATA 	Keypress: escape
5.1450 	EXP 	article: status = STOPPED
5.1613 	EXP 	image: autoDraw = False
5.1613 	EXP 	article: status = STOPPED
5.1660 	INFO 	saved data to 'C:\\psychopywork\\jubjaikwam\\data/275792_article_2025-04-25_00h37.37.725.csv'
5.1666 	INFO 	saved data to C:\psychopywork\jubjaikwam\data/275792_article_2025-04-25_00h37.37.725.psydat
