9.9834 	INFO 	Loaded monitor calibration from ['2025_02_13 22:41']
10.2787 	EXP 	Created window1 = Window(allowGUI=False, allowStencil=False, autoLog=True, backendConf=UNKNOWN, backgroundFit=<method-wrapper '__getattribute__' of attributeSetter object at 0x0000019C7E1A77C0>, backgroundImage=<method-wrapper '__getattribute__' of attributeSetter object at 0x0000019C7E1A7760>, bitsMode=UNKNOWN, blendMode='avg', bpc=(8, 8, 8), color=array([0, 0, 0]), colorSpace='rgb', depthBits=8, fullscr=True, gamma=None, gammaErrorPolicy='raise', infoMsg=UNKNOWN, lms=UNKNOWN, monitor=<psychopy.monitors.calibTools.Monitor object at 0x0000019C78EA4BB0>, multiSample=False, name='window1', numSamples=2, pos=[0.0, 0.0], screen=0, size=array([1920, 1080]), stencilBits=0, stereo=False, title='PsychoPy', units='height', useFBO=True, useRetina=False, viewOri=0.0, viewPos=None, viewScale=None, waitBlanking=True, winType='pyglet')
10.2787 	EXP 	window1: backgroundImage = ''
10.2787 	EXP 	window1: backgroundFit = 'none'
10.3404 	EXP 	window1: Attempting to measure frame rate of screen (0) ...
10.3404 	EXP 	window1: recordFrameIntervals = False
10.5794 	EXP 	window1: recordFrameIntervals = True
10.7621 	EXP 	Screen (0) actual frame rate measured at 60.24Hz
10.7621 	EXP 	window1: recordFrameIntervals = False
13.0487 	INFO 	keyboard.Keyboard is using iohub backend.
13.0488 	INFO 	keyboard.Keyboard is using iohub backend.
13.0488 	INFO 	keyboard.Keyboard is using iohub backend.
13.0488 	EXP 	article: status = STARTED
13.1462 	EXP 	Created imagefirst = ImageStim(__class__=<class 'psychopy.visual.image.ImageStim'>, anchor=('center', 'center'), autoLog=True, color=array([1., 1., 1.]), colorSpace='rgb', contrast=1.0, depth=0.0, draggable=False, flipHoriz=False, flipVert=False, image='image/kumnum.png', interpolate=True, mask=None, maskParams=None, name='imagefirst', opacity=1, ori=0.0, pos=array([0., 0.]), size=array([1.78, 1.  ]), texRes=128.0, units='height', win=Window(...))
13.1513 	EXP 	Created image = ImageStim(__class__=<class 'psychopy.visual.image.ImageStim'>, anchor=('center', 'center'), autoLog=True, color=array([1., 1., 1.]), colorSpace='rgb', contrast=1.0, depth=0.0, draggable=False, flipHoriz=False, flipVert=False, image='default.png', interpolate=True, mask=None, maskParams=None, name='image', opacity=1, ori=0.0, pos=array([0., 0.]), size=array([1.78, 1.  ]), texRes=128.0, units='height', win=Window(...))
13.2598 	EXP 	Created text = TextStim(__class__=<class 'psychopy.visual.text.TextStim'>, alignHoriz=method-wrapper(...), alignText='center', alignVert=method-wrapper(...), anchorHoriz='center', anchorVert='center', antialias=True, autoDraw=False, autoLog=True, bold=False, color=array([1., 1., 1.]), colorSpace='rgb', contrast=1.0, depth=0.0, draggable=False, flipHoriz=False, flipVert=False, font='Arial', fontFiles=[], height=0.05, italic=False, languageStyle='LTR', name='text', opacity=1, ori=0.0, pos=array([0., 0.]), rgb=UNKNOWN, text='', units='height', win=Window(...), wrapWidth=1)
0.0262 	INFO 	Keyboard events cleared
0.0261 	EXP 	imagefirst: autoDraw = True
1.7437 	EXP 	Imported question_stim.xlsx as conditions, 10 conditions, 2 params
1.7439 	EXP 	New trial (rep=0, index=0): <Trial 0 (0 in rep 0) data={'article_image': 'image/number1.png', 'check_key': 1, 'thisN': 0, 'thisTrialN': 0, 'thisRepN': 0}>
1.8234 	DATA 	Keypress: space
1.8354 	INFO 	Keyboard events cleared
1.8352 	EXP 	imagefirst: autoDraw = False
1.8352 	EXP 	image: image = 'image/number1.png'
1.8352 	EXP 	image: autoDraw = True
4.7718 	DATA 	Keypress: num_1
6.8092 	DATA 	Keypress: 1
6.8401 	EXP 	image: autoDraw = False
8.9758 	DATA 	Keypress: 2
9.6929 	DATA 	Keypress: 1
10.2768 	DATA 	Keypress: escape
10.3435 	EXP 	article: status = STOPPED
10.3596 	EXP 	article: status = STOPPED
10.3640 	INFO 	saved data to 'C:\\psychopywork\\jubjaikwam\\data/349722_article_2025-04-25_00h36.21.042.csv'
10.3644 	INFO 	saved data to C:\psychopywork\jubjaikwam\data/349722_article_2025-04-25_00h36.21.042.psydat
