4.4669 	INFO 	Loaded monitor calibration from ['2025_02_13 22:41']
4.6036 	EXP 	Created window1 = Window(allowGUI=False, allowStencil=False, autoLog=True, backendConf=UNKNOWN, backgroundFit=<method-wrapper '__getattribute__' of attributeSetter object at 0x000001CA137BB7F0>, backgroundImage=<method-wrapper '__getattribute__' of attributeSetter object at 0x000001CA137BB790>, bitsMode=UNKNOWN, blendMode='avg', bpc=(8, 8, 8), color=array([0, 0, 0]), colorSpace='rgb', depthBits=8, fullscr=True, gamma=None, gammaErrorPolicy='raise', infoMsg=UNKNOWN, lms=UNKNOWN, monitor=<psychopy.monitors.calibTools.Monitor object at 0x000001CA137F7C70>, multiSample=False, name='window1', numSamples=2, pos=[0.0, 0.0], screen=0, size=array([1920, 1080]), stencilBits=0, stereo=False, title='PsychoPy', units='height', useFBO=True, useRetina=False, viewOri=0.0, viewPos=None, viewScale=None, waitBlanking=True, winType='pyglet')
4.6037 	EXP 	window1: backgroundImage = ''
4.6037 	EXP 	window1: backgroundFit = 'none'
4.6629 	EXP 	window1: Attempting to measure frame rate of screen (0) ...
4.6629 	EXP 	window1: recordFrameIntervals = False
4.8846 	EXP 	window1: recordFrameIntervals = True
5.0683 	EXP 	Screen (0) actual frame rate measured at 59.94Hz
5.0683 	EXP 	window1: recordFrameIntervals = False
6.8019 	INFO 	keyboard.Keyboard is using iohub backend.
6.8019 	INFO 	keyboard.Keyboard is using iohub backend.
6.8020 	INFO 	keyboard.Keyboard is using iohub backend.
6.8020 	EXP 	article: status = STARTED
6.8905 	EXP 	Created imagefirst = ImageStim(__class__=<class 'psychopy.visual.image.ImageStim'>, anchor=('center', 'center'), autoLog=True, color=array([1., 1., 1.]), colorSpace='rgb', contrast=1.0, depth=0.0, draggable=False, flipHoriz=False, flipVert=False, image='image/kumnum.png', interpolate=True, mask=None, maskParams=None, name='imagefirst', opacity=1, ori=0.0, pos=array([0., 0.]), size=array([1.78, 1.  ]), texRes=128.0, units='height', win=Window(...))
6.8950 	EXP 	Created imagequestion = ImageStim(__class__=<class 'psychopy.visual.image.ImageStim'>, anchor=('center', 'center'), autoLog=True, color=array([1., 1., 1.]), colorSpace='rgb', contrast=1.0, depth=0.0, draggable=False, flipHoriz=False, flipVert=False, image='default.png', interpolate=True, mask=None, maskParams=None, name='imagequestion', opacity=1, ori=0.0, pos=array([0., 0.]), size=array([1.78, 1.  ]), texRes=128.0, units='height', win=Window(...))
6.9852 	EXP 	Created imageblank = ImageStim(__class__=<class 'psychopy.visual.image.ImageStim'>, anchor=('center', 'center'), autoLog=True, color=array([1., 1., 1.]), colorSpace='rgb', contrast=1.0, depth=0.0, draggable=False, flipHoriz=False, flipVert=False, image='image/Screenshot (172).png', interpolate=True, mask=None, maskParams=None, name='imageblank', opacity=1, ori=0.0, pos=array([0., 0.]), size=array([1.78, 1.  ]), texRes=128.0, units='height', win=Window(...))
0.0313 	INFO 	Keyboard events cleared
0.0312 	EXP 	imagefirst: autoDraw = True
1.2184 	DATA 	Keypress: escape
1.2832 	EXP 	article: status = STOPPED
1.2993 	EXP 	imagefirst: autoDraw = False
1.2993 	EXP 	article: status = STOPPED
1.3034 	INFO 	saved data to 'C:\\psychopywork\\lumdub\\data/511227_article_2025-05-06_23h21.30.191.csv'
1.3039 	INFO 	saved data to C:\psychopywork\lumdub\data/511227_article_2025-05-06_23h21.30.191.psydat
