4.6164 	DEBUG 	Fullscreen settings ignored as running in pilot mode.
4.6169 	INFO 	Loaded monitor calibration from ['2025_02_13 22:41']
4.8534 	EXP 	Created window1 = Window(allowGUI=False, allowStencil=False, autoLog=True, backendConf=UNKNOWN, backgroundFit=<method-wrapper '__getattribute__' of attributeSetter object at 0x0000026967CB4730>, backgroundImage=<method-wrapper '__getattribute__' of attributeSetter object at 0x0000026967CB4340>, bitsMode=UNKNOWN, blendMode='avg', bpc=(8, 8, 8), color=array([0, 0, 0]), colorSpace='rgb', depthBits=8, fullscr=False, gamma=None, gammaErrorPolicy='raise', infoMsg=UNKNOWN, lms=UNKNOWN, monitor=<psychopy.monitors.calibTools.Monitor object at 0x0000026967D33B80>, multiSample=False, name='window1', numSamples=2, pos=[560.0, 240.0], screen=0, size=array([800, 600]), stencilBits=0, stereo=False, title='PsychoPy', units='height', useFBO=True, useRetina=False, viewOri=0.0, viewPos=None, viewScale=None, waitBlanking=True, winType='pyglet')
4.8534 	EXP 	window1: backgroundImage = ''
4.8534 	EXP 	window1: backgroundFit = 'none'
4.8655 	DEBUG 	TextBox2 loaded 1 chars with 0 blanks and 1 valid
4.8665 	DEBUG 	TextBox2 loaded 1 chars with 0 blanks and 1 valid
4.8675 	DEBUG 	TextBox2 loaded 1 chars with 0 blanks and 1 valid
4.8687 	DEBUG 	TextBox2 loaded 1 chars with 0 blanks and 1 valid
4.8699 	DEBUG 	TextBox2 loaded 1 chars with 0 blanks and 1 valid
4.8707 	DEBUG 	TextBox2 loaded 1 chars with 0 blanks and 1 valid
4.8717 	DEBUG 	TextBox2 loaded 1 chars with 0 blanks and 1 valid
4.8729 	DEBUG 	TextBox2 loaded 1 chars with 0 blanks and 1 valid
4.8736 	DEBUG 	TextBox2 loaded 1 chars with 0 blanks and 1 valid
4.8743 	DEBUG 	TextBox2 loaded 1 chars with 0 blanks and 1 valid
4.8753 	DEBUG 	TextBox2 loaded 1 chars with 0 blanks and 1 valid
4.8763 	DEBUG 	TextBox2 loaded 1 chars with 0 blanks and 1 valid
4.8773 	DEBUG 	TextBox2 loaded 1 chars with 0 blanks and 1 valid
4.8783 	DEBUG 	TextBox2 loaded 1 chars with 0 blanks and 1 valid
4.8792 	DEBUG 	TextBox2 loaded 1 chars with 0 blanks and 1 valid
4.8802 	DEBUG 	TextBox2 loaded 1 chars with 0 blanks and 1 valid
4.8813 	DEBUG 	TextBox2 loaded 1 chars with 0 blanks and 1 valid
4.8823 	DEBUG 	TextBox2 loaded 1 chars with 0 blanks and 1 valid
4.8831 	DEBUG 	TextBox2 loaded 1 chars with 0 blanks and 1 valid
4.8843 	DEBUG 	TextBox2 loaded 1 chars with 0 blanks and 1 valid
4.8851 	DEBUG 	TextBox2 loaded 1 chars with 0 blanks and 1 valid
4.8854 	DEBUG 	Uploading Texture Font fontname to graphics card
4.8888 	DEBUG 	Upload of Texture Font fontname complete
4.8945 	DEBUG 	TextBox2 loaded 1 chars with 0 blanks and 1 valid
4.8957 	DEBUG 	TextBox2 loaded 1 chars with 0 blanks and 1 valid
4.8969 	DEBUG 	TextBox2 loaded 1 chars with 0 blanks and 1 valid
4.8971 	DEBUG 	Uploading Texture Font fontname to graphics card
4.8976 	DEBUG 	Upload of Texture Font fontname complete
4.8992 	EXP 	window1: Attempting to measure frame rate of screen (0) ...
4.8992 	EXP 	window1: recordFrameIntervals = False
5.0597 	EXP 	window1: recordFrameIntervals = True
5.8937 	EXP 	Screen (0) actual frame rate measured at 59.89Hz
5.8937 	EXP 	window1: recordFrameIntervals = False
5.8985 	DEBUG 	TextBox2 loaded 1 chars with 0 blanks and 1 valid
5.8993 	DEBUG 	TextBox2 loaded 1 chars with 0 blanks and 1 valid
5.9003 	DEBUG 	TextBox2 loaded 1 chars with 0 blanks and 1 valid
5.9016 	DEBUG 	TextBox2 loaded 1 chars with 0 blanks and 1 valid
5.9028 	DEBUG 	TextBox2 loaded 1 chars with 0 blanks and 1 valid
5.9041 	DEBUG 	TextBox2 loaded 1 chars with 0 blanks and 1 valid
5.9049 	DEBUG 	TextBox2 loaded 1 chars with 0 blanks and 1 valid
5.9060 	DEBUG 	TextBox2 loaded 1 chars with 0 blanks and 1 valid
5.9072 	DEBUG 	TextBox2 loaded 1 chars with 0 blanks and 1 valid
5.9084 	DEBUG 	TextBox2 loaded 1 chars with 0 blanks and 1 valid
5.9086 	DEBUG 	Uploading Texture Font fontname to graphics card
5.9091 	DEBUG 	Upload of Texture Font fontname complete
5.9147 	INFO 	keyboard.Keyboard is using event backend.
5.9148 	EXP 	article: status = STARTED
6.0020 	EXP 	Created image = ImageStim(__class__=<class 'psychopy.visual.image.ImageStim'>, anchor=('center', 'center'), autoLog=True, color=array([1., 1., 1.]), colorSpace='rgb', contrast=1.0, depth=0.0, draggable=False, flipHoriz=False, flipVert=False, image='C:/psychopywork/jubjaikwam/image/number1.png', interpolate=True, mask=None, maskParams=None, name='image', opacity=1, ori=0.0, pos=array([0., 0.]), size=array([0.5, 0.5]), texRes=128.0, units='height', win=Window(...))
6.1350 	EXP 	Created text = TextStim(__class__=<class 'psychopy.visual.text.TextStim'>, alignHoriz=method-wrapper(...), alignText='center', alignVert=method-wrapper(...), anchorHoriz='center', anchorVert='center', antialias=True, autoDraw=False, autoLog=True, bold=False, color=array([1., 1., 1.]), colorSpace='rgb', contrast=1.0, depth=0.0, draggable=False, flipHoriz=False, flipVert=False, font='Arial', fontFiles=[], height=0.05, italic=False, languageStyle='LTR', name='text', opacity=1, ori=0.0, pos=array([0., 0.]), rgb=UNKNOWN, text='', units='height', win=Window(...), wrapWidth=1)
0.0255 	EXP 	image: autoDraw = True
1.0254 	EXP 	image: autoDraw = False
1.0254 	EXP 	text: autoDraw = True
1.5259 	EXP 	text: autoDraw = False
1.5279 	EXP 	article: status = STOPPED
1.5290 	INFO 	saved data to 'C:\\psychopywork\\jubjaikwam\\data/624476_article_2025-04-23_14h33.42.989.csv'
1.5294 	INFO 	saved data to C:\psychopywork\jubjaikwam\data/624476_article_2025-04-23_14h33.42.989.psydat
1.5808 	DEBUG 	Saving data for article ExperimentHandler
