4.3699 	INFO 	Loaded monitor calibration from ['2025_02_13 22:41']
4.5181 	EXP 	Created window1 = Window(allowGUI=False, allowStencil=False, autoLog=True, backendConf=UNKNOWN, backgroundFit=<method-wrapper '__getattribute__' of attributeSetter object at 0x0000020F97C677C0>, backgroundImage=<method-wrapper '__getattribute__' of attributeSetter object at 0x0000020F97C67760>, bitsMode=UNKNOWN, blendMode='avg', bpc=(8, 8, 8), color=array([0, 0, 0]), colorSpace='rgb', depthBits=8, fullscr=True, gamma=None, gammaErrorPolicy='raise', infoMsg=UNKNOWN, lms=UNKNOWN, monitor=<psychopy.monitors.calibTools.Monitor object at 0x0000020F989A4C40>, multiSample=False, name='window1', numSamples=2, pos=[0.0, 0.0], screen=0, size=array([1920, 1080]), stencilBits=0, stereo=False, title='PsychoPy', units='height', useFBO=True, useRetina=False, viewOri=0.0, viewPos=None, viewScale=None, waitBlanking=True, winType='pyglet')
4.5182 	EXP 	window1: backgroundImage = ''
4.5182 	EXP 	window1: backgroundFit = 'none'
4.5772 	EXP 	window1: Attempting to measure frame rate of screen (0) ...
4.5772 	EXP 	window1: recordFrameIntervals = False
4.8007 	EXP 	window1: recordFrameIntervals = True
4.9843 	EXP 	Screen (0) actual frame rate measured at 59.96Hz
4.9843 	EXP 	window1: recordFrameIntervals = False
6.8000 	INFO 	keyboard.Keyboard is using iohub backend.
6.8001 	INFO 	keyboard.Keyboard is using iohub backend.
6.8001 	INFO 	keyboard.Keyboard is using iohub backend.
6.8001 	EXP 	article: status = STARTED
6.8946 	EXP 	Created imagefirst = ImageStim(__class__=<class 'psychopy.visual.image.ImageStim'>, anchor=('center', 'center'), autoLog=True, color=array([1., 1., 1.]), colorSpace='rgb', contrast=1.0, depth=0.0, draggable=False, flipHoriz=False, flipVert=False, image='image/kumnum.png', interpolate=True, mask=None, maskParams=None, name='imagefirst', opacity=1, ori=0.0, pos=array([0., 0.]), size=array([1.78, 1.  ]), texRes=128.0, units='height', win=Window(...))
6.8990 	EXP 	Created imageanswer = ImageStim(__class__=<class 'psychopy.visual.image.ImageStim'>, anchor=('center', 'center'), autoLog=True, color=array([1., 1., 1.]), colorSpace='rgb', contrast=1.0, depth=0.0, draggable=False, flipHoriz=False, flipVert=False, image='default.png', interpolate=True, mask=None, maskParams=None, name='imageanswer', opacity=1, ori=0.0, pos=array([0., 0.]), size=array([1.78, 1.  ]), texRes=128.0, units='height', win=Window(...))
6.9029 	EXP 	Created image = ImageStim(__class__=<class 'psychopy.visual.image.ImageStim'>, anchor=('center', 'center'), autoLog=True, color=array([1., 1., 1.]), colorSpace='rgb', contrast=1.0, depth=0.0, draggable=False, flipHoriz=False, flipVert=False, image='default.png', interpolate=True, mask=None, maskParams=None, name='image', opacity=1, ori=0.0, pos=array([0., 0.]), size=array([1.78, 1.  ]), texRes=128.0, units='height', win=Window(...))
6.9376 	EXP 	Created text = TextStim(__class__=<class 'psychopy.visual.text.TextStim'>, alignHoriz=method-wrapper(...), alignText='center', alignVert=method-wrapper(...), anchorHoriz='center', anchorVert='center', antialias=True, autoDraw=False, autoLog=True, bold=False, color=array([1., 1., 1.]), colorSpace='rgb', contrast=1.0, depth=0.0, draggable=False, flipHoriz=False, flipVert=False, font='Arial', fontFiles=[], height=0.05, italic=False, languageStyle='LTR', name='text', opacity=1, ori=0.0, pos=array([0., 0.]), rgb=UNKNOWN, text='', units='height', win=Window(...), wrapWidth=1)
0.0365 	INFO 	Keyboard events cleared
0.0364 	EXP 	imagefirst: autoDraw = True
0.8438 	EXP 	Imported question_stim.xlsx as conditions, 10 conditions, 3 params
0.8440 	EXP 	New trial (rep=0, index=0): <Trial 0 (0 in rep 0) data={'article_image': 'image/number1.png', 'check_key': 1, 'answer_image': 'image/noawnser1.png', 'thisN': 0, 'thisTrialN': 0, 'thisRepN': 0}>
0.9301 	DATA 	Keypress: space
0.9360 	EXP 	imagefirst: autoDraw = False
0.9360 	EXP 	imageanswer: image = 'image/noawnser1.png'
0.9360 	EXP 	imageanswer: autoDraw = True
5.9219 	INFO 	Keyboard events cleared
5.9217 	EXP 	imageanswer: autoDraw = False
5.9217 	EXP 	image: image = 'image/number1.png'
5.9217 	EXP 	image: autoDraw = True
7.1409 	DATA 	Keypress: 1
7.1557 	EXP 	image: autoDraw = False
7.1557 	EXP 	text: autoDraw = True
7.6400 	EXP 	New trial (rep=0, index=1): <Trial 1 (1 in rep 0) data={'article_image': 'image/number2.png', 'check_key': 2, 'answer_image': 'image/noawnser2.png', 'thisN': 1, 'thisTrialN': 1, 'thisRepN': 0}>
7.6772 	EXP 	text: autoDraw = False
7.6772 	EXP 	imageanswer: image = 'image/noawnser2.png'
7.6772 	EXP 	imageanswer: autoDraw = True
12.6851 	INFO 	Keyboard events cleared
12.6850 	EXP 	imageanswer: autoDraw = False
12.6850 	EXP 	image: image = 'image/number2.png'
12.6850 	EXP 	image: autoDraw = True
14.0877 	DATA 	Keypress: 2
14.1029 	EXP 	image: autoDraw = False
14.1029 	EXP 	text: autoDraw = True
14.5875 	EXP 	New trial (rep=0, index=2): <Trial 2 (2 in rep 0) data={'article_image': 'image/number3.png', 'check_key': 3, 'answer_image': 'image/noawnser3.png', 'thisN': 2, 'thisTrialN': 2, 'thisRepN': 0}>
14.6244 	EXP 	text: autoDraw = False
14.6244 	EXP 	text: autoDraw = False
14.6244 	EXP 	imageanswer: image = 'image/noawnser3.png'
14.6244 	EXP 	imageanswer: autoDraw = True
19.6329 	INFO 	Keyboard events cleared
19.6327 	EXP 	imageanswer: autoDraw = False
19.6327 	EXP 	image: image = 'image/number3.png'
19.6327 	EXP 	image: autoDraw = True
20.5346 	DATA 	Keypress: 1
20.5502 	EXP 	image: autoDraw = False
20.5502 	EXP 	text: autoDraw = True
21.0342 	EXP 	New trial (rep=0, index=3): <Trial 3 (3 in rep 0) data={'article_image': 'image/number4.png', 'check_key': 3, 'answer_image': 'image/noawnser4.png', 'thisN': 3, 'thisTrialN': 3, 'thisRepN': 0}>
21.0712 	EXP 	text: autoDraw = False
21.0712 	EXP 	text: autoDraw = False
21.0712 	EXP 	imageanswer: image = 'image/noawnser4.png'
21.0712 	EXP 	imageanswer: autoDraw = True
21.8056 	DATA 	Keypress: escape
21.8888 	EXP 	article: status = STOPPED
21.9053 	EXP 	imageanswer: autoDraw = False
21.9053 	EXP 	article: status = STOPPED
21.9100 	INFO 	saved data to 'C:\\psychopywork\\jubjaikwam\\data/705994_article_2025-04-25_01h08.57.873.csv'
21.9104 	INFO 	saved data to C:\psychopywork\jubjaikwam\data/705994_article_2025-04-25_01h08.57.873.psydat
