13.2214 	INFO 	Loaded monitor calibration from ['2025_02_13 22:41']
13.5117 	EXP 	Created window1 = Window(allowGUI=False, allowStencil=False, autoLog=True, backendConf=UNKNOWN, backgroundFit=<method-wrapper '__getattribute__' of attributeSetter object at 0x000001F5B72197C0>, backgroundImage=<method-wrapper '__getattribute__' of attributeSetter object at 0x000001F5B7219760>, bitsMode=UNKNOWN, blendMode='avg', bpc=(8, 8, 8), color=array([0, 0, 0]), colorSpace='rgb', depthBits=8, fullscr=True, gamma=None, gammaErrorPolicy='raise', infoMsg=UNKNOWN, lms=UNKNOWN, monitor=<psychopy.monitors.calibTools.Monitor object at 0x000001F5B7254C40>, multiSample=False, name='window1', numSamples=2, pos=[0.0, 0.0], screen=0, size=array([1920, 1080]), stencilBits=0, stereo=False, title='PsychoPy', units='height', useFBO=True, useRetina=False, viewOri=0.0, viewPos=None, viewScale=None, waitBlanking=True, winType='pyglet')
13.5117 	EXP 	window1: backgroundImage = ''
13.5117 	EXP 	window1: backgroundFit = 'none'
13.5749 	EXP 	window1: Attempting to measure frame rate of screen (0) ...
13.5749 	EXP 	window1: recordFrameIntervals = False
13.8545 	EXP 	window1: recordFrameIntervals = True
14.0371 	EXP 	Screen (0) actual frame rate measured at 60.25Hz
14.0372 	EXP 	window1: recordFrameIntervals = False
16.3376 	INFO 	keyboard.Keyboard is using iohub backend.
16.3377 	INFO 	keyboard.Keyboard is using iohub backend.
16.3377 	INFO 	keyboard.Keyboard is using iohub backend.
16.3377 	EXP 	article: status = STARTED
16.4290 	EXP 	Created imagefirst = ImageStim(__class__=<class 'psychopy.visual.image.ImageStim'>, anchor=('center', 'center'), autoLog=True, color=array([1., 1., 1.]), colorSpace='rgb', contrast=1.0, depth=0.0, draggable=False, flipHoriz=False, flipVert=False, image='image/kumnum.png', interpolate=True, mask=None, maskParams=None, name='imagefirst', opacity=1, ori=0.0, pos=array([0., 0.]), size=array([1.78, 1.  ]), texRes=128.0, units='height', win=Window(...))
16.4336 	EXP 	Created imageanswer = ImageStim(__class__=<class 'psychopy.visual.image.ImageStim'>, anchor=('center', 'center'), autoLog=True, color=array([1., 1., 1.]), colorSpace='rgb', contrast=1.0, depth=0.0, draggable=False, flipHoriz=False, flipVert=False, image='default.png', interpolate=True, mask=None, maskParams=None, name='imageanswer', opacity=1, ori=0.0, pos=array([0., 0.]), size=array([1.78, 1.  ]), texRes=128.0, units='height', win=Window(...))
16.4375 	EXP 	Created image = ImageStim(__class__=<class 'psychopy.visual.image.ImageStim'>, anchor=('center', 'center'), autoLog=True, color=array([1., 1., 1.]), colorSpace='rgb', contrast=1.0, depth=0.0, draggable=False, flipHoriz=False, flipVert=False, image='default.png', interpolate=True, mask=None, maskParams=None, name='image', opacity=1, ori=0.0, pos=array([0., 0.]), size=array([1.78, 1.  ]), texRes=128.0, units='height', win=Window(...))
16.5422 	EXP 	Created text = TextStim(__class__=<class 'psychopy.visual.text.TextStim'>, alignHoriz=method-wrapper(...), alignText='center', alignVert=method-wrapper(...), anchorHoriz='center', anchorVert='center', antialias=True, autoDraw=False, autoLog=True, bold=False, color=array([1., 1., 1.]), colorSpace='rgb', contrast=1.0, depth=0.0, draggable=False, flipHoriz=False, flipVert=False, font='Arial', fontFiles=[], height=0.05, italic=False, languageStyle='LTR', name='text', opacity=1, ori=0.0, pos=array([0., 0.]), rgb=UNKNOWN, text='', units='height', win=Window(...), wrapWidth=1)
0.0210 	INFO 	Keyboard events cleared
0.0208 	EXP 	imagefirst: autoDraw = True
1.2041 	EXP 	Imported question_stim.xlsx as conditions, 10 conditions, 3 params
1.2043 	EXP 	New trial (rep=0, index=0): <Trial 0 (0 in rep 0) data={'article_image': 'image/number1.png', 'check_key': 1, 'answer_image': 'image/noawnser1.png', 'thisN': 0, 'thisTrialN': 0, 'thisRepN': 0}>
1.2892 	DATA 	Keypress: space
1.2944 	EXP 	imagefirst: autoDraw = False
1.2944 	EXP 	imageanswer: image = 'image/noawnser1.png'
1.2944 	EXP 	imageanswer: autoDraw = True
3.5144 	DATA 	Keypress: space
4.2651 	DATA 	Keypress: space
4.6821 	DATA 	Keypress: space
6.3159 	INFO 	Keyboard events cleared
6.3156 	EXP 	imageanswer: autoDraw = False
6.3156 	EXP 	image: image = 'image/number1.png'
6.3156 	EXP 	image: autoDraw = True
6.8507 	DATA 	Keypress: 1
6.8658 	EXP 	image: autoDraw = False
6.8658 	EXP 	text: autoDraw = True
7.3497 	EXP 	New trial (rep=0, index=1): <Trial 1 (1 in rep 0) data={'article_image': 'image/number2.png', 'check_key': 2, 'answer_image': 'image/noawnser2.png', 'thisN': 1, 'thisTrialN': 1, 'thisRepN': 0}>
7.3864 	EXP 	text: autoDraw = False
7.3864 	EXP 	text: autoDraw = False
7.3864 	EXP 	imageanswer: image = 'image/noawnser2.png'
7.3864 	EXP 	imageanswer: autoDraw = True
7.9044 	DATA 	Keypress: escape
7.9877 	EXP 	article: status = STOPPED
8.0040 	EXP 	imageanswer: autoDraw = False
8.0041 	EXP 	article: status = STOPPED
8.0090 	INFO 	saved data to 'C:\\psychopywork\\jubjaikwam\\data/719032_article_2025-04-26_13h01.15.854.csv'
8.0095 	INFO 	saved data to C:\psychopywork\jubjaikwam\data/719032_article_2025-04-26_13h01.15.854.psydat
